\BOOKMARK [1][-]{section.1}{Setting up}{}% 1
\BOOKMARK [2][-]{subsection.1.1}{Exponential Mechanism with Global Sensitivity}{section.1}% 2
\BOOKMARK [3][-]{subsubsection.1.1.1}{Mechanism Set up}{subsection.1.1}% 3
\BOOKMARK [3][-]{subsubsection.1.1.2}{Security Analysis}{subsection.1.1}% 4
\BOOKMARK [2][-]{subsection.1.2}{Exponential Mechanism with Local Sensitivity}{section.1}% 5
\BOOKMARK [3][-]{subsubsection.1.2.1}{Mechanism Set up}{subsection.1.2}% 6
\BOOKMARK [3][-]{subsubsection.1.2.2}{Security Analysis}{subsection.1.2}% 7
\BOOKMARK [2][-]{subsection.1.3}{Exponential Mechanism of Varying Sensitivity}{section.1}% 8
\BOOKMARK [3][-]{subsubsection.1.3.1}{Mechanism Setting up}{subsection.1.3}% 9
\BOOKMARK [3][-]{subsubsection.1.3.2}{Security Analysis}{subsection.1.3}% 10
\BOOKMARK [2][-]{subsection.1.4}{Exponential Mechanism of Smooth Sensitivity}{section.1}% 11
\BOOKMARK [3][-]{subsubsection.1.4.1}{Mechanism Setting up}{subsection.1.4}% 12
\BOOKMARK [3][-]{subsubsection.1.4.2}{Security Analysis}{subsection.1.4}% 13
\BOOKMARK [1][-]{section.2}{Privacy Fix}{}% 14
\BOOKMARK [2][-]{subsection.2.1}{Propositions}{section.2}% 15
\BOOKMARK [2][-]{subsection.2.2}{proof}{section.2}% 16
\BOOKMARK [3][-]{subsubsection.2.2.1}{Statement I}{subsection.2.2}% 17
\BOOKMARK [3][-]{subsubsection.2.2.2}{Statement II}{subsection.2.2}% 18
\BOOKMARK [3][-]{subsubsection.2.2.3}{Statement III}{subsection.2.2}% 19
\BOOKMARK [1][-]{section.3}{Smooth sensitivity}{}% 20
\BOOKMARK [2][-]{subsection.3.1}{Dilation Property of Laplace Noise}{section.3}% 21
\BOOKMARK [2][-]{subsection.3.2}{Sliding Property of Exponential Mechanism}{section.3}% 22
\BOOKMARK [2][-]{subsection.3.3}{Dilation Property of Exponential Mechanism}{section.3}% 23
\BOOKMARK [1][-]{section.4}{Experimental Evaluations}{}% 24
