\BOOKMARK [1][-]{section.1}{Introduction}{}% 1
\BOOKMARK [1][-]{section.2}{Preliminaries}{}% 2
\BOOKMARK [1][-]{section.3}{Technical Problem Statement and Motivations}{}% 3
\BOOKMARK [1][-]{section.4}{Mechanism Proposition}{}% 4
\BOOKMARK [2][-]{subsection.4.1}{Baseline Mechanisms}{section.4}% 5
\BOOKMARK [3][-]{subsubsection.4.1.1}{Exponential Mechanism}{subsection.4.1}% 6
\BOOKMARK [3][-]{subsubsection.4.1.2}{Exponential Mechanism with Local Sensitivity}{subsection.4.1}% 7
\BOOKMARK [3][-]{subsubsection.4.1.3}{Baseline Mechanism - Laplace Mechanism}{subsection.4.1}% 8
\BOOKMARK [3][-]{subsubsection.4.1.4}{Improved Laplace Mechanism}{subsection.4.1}% 9
\BOOKMARK [2][-]{subsection.4.2}{MH: Smoothed Hellinger Distance Based Exponential Mechanism}{section.4}% 10
\BOOKMARK [1][-]{section.5}{Privacy Analysis}{}% 11
\BOOKMARK [2][-]{subsection.5.1}{Privacy Analysis for Baseline Mechanisms}{section.5}% 12
\BOOKMARK [2][-]{subsection.5.2}{Privacy Analysis for MH}{section.5}% 13
\BOOKMARK [1][-]{section.6}{Accuracy Analysis}{}% 14
\BOOKMARK [2][-]{subsection.6.1}{Accuracy Bound for Baseline Mechanisms}{section.6}% 15
\BOOKMARK [3][-]{subsubsection.6.1.1}{Accuracy Bound for Exponential Mechanism}{subsection.6.1}% 16
\BOOKMARK [3][-]{subsubsection.6.1.2}{Accuracy Bound for Laplace Mechanism}{subsection.6.1}% 17
\BOOKMARK [3][-]{subsubsection.6.1.3}{Accuracy Bound for Improved Laplace Mechanism}{subsection.6.1}% 18
\BOOKMARK [2][-]{subsection.6.2}{Accuracy Bound for MH}{section.6}% 19
\BOOKMARK [1][-]{section.7}{Experimental Evaluations}{}% 20
\BOOKMARK [2][-]{subsection.7.1}{Computation Efficiency Optimization}{section.7}% 21
\BOOKMARK [2][-]{subsection.7.2}{Theoretical Results}{section.7}% 22
\BOOKMARK [2][-]{subsection.7.3}{Experimental Results}{section.7}% 23
\BOOKMARK [2][-]{subsection.7.4}{Experiment Evaluations on Privacy Loss}{section.7}% 24
\BOOKMARK [1][-]{section.8}{Conclusion and Future Work}{}% 25
